Vivado Simulator 2020.2
Copyright 1986-1999, 2001-2020 Xilinx, Inc. All Rights Reserved.
Running: C:/Xilinx/Vivado/2020.2/bin/unwrapped/win64.o/xelab.exe -wto 0b68fce332c8444ba224ebd04d3f3bf0 --incr --debug typical --relax --mt 2 -L xil_defaultlib -L uvm -L unisims_ver -L unimacro_ver -L secureip --snapshot surf_top_behav xil_defaultlib.surf_top xil_defaultlib.glbl -log elaborate.log -L uvm 
Using 2 slave threads.
Starting static elaboration
Pass Through NonSizing Optimizer
WARNING: [VRFC 10-3091] actual bit length 16 differs from formal bit length 32 for port 'ip_doutb' [C:/Users/coa/Desktop/uvm_with_coverage/verif/surf_top.sv:20]
WARNING: [VRFC 10-5021] port 'reseta' is not connected on this instance [C:/Users/coa/Desktop/uvm_with_coverage/verif/surf_top.sv:23]
Completed static elaboration
Starting simulation data flow analysis
WARNING: [XSIM 43-4468] File : C:/Users/coa/Desktop/uvm_with_coverage/verif/configuration/surf_config.sv, Line : 7, RANDC variable size more than 8 bits. This will be treated as a RAND variable instead.
WARNING: [XSIM 43-4468] File : /proj/xbuilds/SWIP/2020.2_0711_1805/installs/lin64/Vivado/2020.2/data/system_verilog/uvm_1.2/xlnx_uvm_package.sv, Line : 25994, RANDC variable size more than 8 bits. This will be treated as a RAND variable instead.
WARNING: [XSIM 43-4100] "C:/Users/coa/Desktop/uvm_with_coverage/uvm_project/surf_col.sim/sim_1/behav/xsim/glbl.v" Line 6. Module glbl has a timescale but at least one module in design doesn't have timescale.
WARNING: [XSIM 43-4100] "C:/Users/coa/Desktop/uvm_with_coverage/uvm_project/surf_col.sim/sim_1/behav/xsim/glbl.v" Line 6. Module glbl has a timescale but at least one module in design doesn't have timescale.
Completed simulation data flow analysis
Time Resolution for simulation is 1ps
Compiling package std.standard
Compiling package std.textio
Compiling package ieee.std_logic_1164
Compiling package ieee.numeric_std
Compiling package xil_defaultlib.ip_pkg
Compiling package uvm.uvm_pkg
Compiling package std.std
Compiling package xil_defaultlib.surf_agent_pkg
Compiling package xil_defaultlib.configuration_pkg
WARNING: [XSIM 43-3373] "C:/Users/coa/Desktop/uvm_with_coverage/verif/configuration/surf_config.sv" Line 83. System function $fscanf is used as system task. This system function should have a LHS e.g. x=$fscanf().
WARNING: [XSIM 43-3373] "C:/Users/coa/Desktop/uvm_with_coverage/verif/configuration/surf_config.sv" Line 84. System function $fscanf is used as system task. This system function should have a LHS e.g. x=$fscanf().
WARNING: [XSIM 43-3373] "C:/Users/coa/Desktop/uvm_with_coverage/verif/configuration/surf_config.sv" Line 85. System function $fscanf is used as system task. This system function should have a LHS e.g. x=$fscanf().
WARNING: [XSIM 43-3373] "C:/Users/coa/Desktop/uvm_with_coverage/verif/configuration/surf_config.sv" Line 86. System function $fscanf is used as system task. This system function should have a LHS e.g. x=$fscanf().
WARNING: [XSIM 43-3373] "C:/Users/coa/Desktop/uvm_with_coverage/verif/configuration/surf_config.sv" Line 87. System function $fscanf is used as system task. This system function should have a LHS e.g. x=$fscanf().
WARNING: [XSIM 43-3373] "C:/Users/coa/Desktop/uvm_with_coverage/verif/configuration/surf_config.sv" Line 88. System function $fscanf is used as system task. This system function should have a LHS e.g. x=$fscanf().
WARNING: [XSIM 43-3373] "C:/Users/coa/Desktop/uvm_with_coverage/verif/configuration/surf_config.sv" Line 89. System function $fscanf is used as system task. This system function should have a LHS e.g. x=$fscanf().
WARNING: [XSIM 43-3373] "C:/Users/coa/Desktop/uvm_with_coverage/verif/configuration/surf_config.sv" Line 90. System function $fscanf is used as system task. This system function should have a LHS e.g. x=$fscanf().
WARNING: [XSIM 43-3373] "C:/Users/coa/Desktop/uvm_with_coverage/verif/configuration/surf_config.sv" Line 91. System function $fscanf is used as system task. This system function should have a LHS e.g. x=$fscanf().
WARNING: [XSIM 43-3373] "C:/Users/coa/Desktop/uvm_with_coverage/verif/configuration/surf_config.sv" Line 92. System function $fscanf is used as system task. This system function should have a LHS e.g. x=$fscanf().
WARNING: [XSIM 43-3373] "C:/Users/coa/Desktop/uvm_with_coverage/verif/configuration/surf_config.sv" Line 93. System function $fscanf is used as system task. This system function should have a LHS e.g. x=$fscanf().
WARNING: [XSIM 43-3373] "C:/Users/coa/Desktop/uvm_with_coverage/verif/configuration/surf_config.sv" Line 94. System function $fscanf is used as system task. This system function should have a LHS e.g. x=$fscanf().
WARNING: [XSIM 43-3373] "C:/Users/coa/Desktop/uvm_with_coverage/verif/configuration/surf_config.sv" Line 95. System function $fscanf is used as system task. This system function should have a LHS e.g. x=$fscanf().
WARNING: [XSIM 43-3373] "C:/Users/coa/Desktop/uvm_with_coverage/verif/configuration/surf_config.sv" Line 96. System function $fscanf is used as system task. This system function should have a LHS e.g. x=$fscanf().
WARNING: [XSIM 43-3373] "C:/Users/coa/Desktop/uvm_with_coverage/verif/configuration/surf_config.sv" Line 97. System function $fscanf is used as system task. This system function should have a LHS e.g. x=$fscanf().
WARNING: [XSIM 43-3373] "C:/Users/coa/Desktop/uvm_with_coverage/verif/configuration/surf_config.sv" Line 109. System function $fscanf is used as system task. This system function should have a LHS e.g. x=$fscanf().
WARNING: [XSIM 43-3373] "C:/Users/coa/Desktop/uvm_with_coverage/verif/configuration/surf_config.sv" Line 123. System function $fscanf is used as system task. This system function should have a LHS e.g. x=$fscanf().
WARNING: [XSIM 43-3373] "C:/Users/coa/Desktop/uvm_with_coverage/verif/configuration/surf_config.sv" Line 137. System function $fscanf is used as system task. This system function should have a LHS e.g. x=$fscanf().
WARNING: [XSIM 43-3373] "C:/Users/coa/Desktop/uvm_with_coverage/verif/configuration/surf_config.sv" Line 151. System function $fscanf is used as system task. This system function should have a LHS e.g. x=$fscanf().
Compiling package xil_defaultlib.test_pkg
Compiling package xil_defaultlib.surf_axi_agent_pkg
Compiling package xil_defaultlib.surf_sequence_pkg
Compiling module xil_defaultlib.surf_interface
Compiling architecture arch_imp of entity xil_defaultlib.SURF_v1_0_S00_AXI [surf_v1_0_s00_axi_default]
Compiling architecture behavioral of entity xil_defaultlib.dsp1 [dsp1_default]
Compiling architecture behavioral of entity xil_defaultlib.delay [delay_default]
Compiling architecture behavioral of entity xil_defaultlib.dsp2 [dsp2_default]
Compiling architecture behavioral of entity xil_defaultlib.dsp3 [dsp3_default]
Compiling architecture behavioral of entity xil_defaultlib.dsp4 [dsp4_default]
Compiling architecture behavioral of entity xil_defaultlib.dsp5 [dsp5_default]
Compiling architecture behavioral of entity xil_defaultlib.dsp7 [dsp7_default]
Compiling architecture behavioral of entity xil_defaultlib.delay [\delay(signal_width=11)\]
Compiling architecture behavioral of entity xil_defaultlib.dsp8 [dsp8_default]
Compiling architecture behavioral of entity xil_defaultlib.dsp6 [dsp6_default]
Compiling architecture behavioral of entity xil_defaultlib.rom [rom_default]
Compiling architecture behavioral of entity xil_defaultlib.ip [ip_default]
Compiling architecture arch_imp of entity xil_defaultlib.SURF_v1_0 [surf_v1_0_default]
Compiling architecture behavioral of entity xil_defaultlib.bram32_in [bram32_in_default]
Compiling architecture behavioral of entity xil_defaultlib.bram16_in [bram16_in_default]
Compiling module xil_defaultlib.surf_top
Compiling module xil_defaultlib.glbl
Built simulation snapshot surf_top_behav
